<?xml version="1.0" encoding="UTF-8"?>
<testng-results skipped="0" failed="0" total="4" passed="4">
  <reporter-output>
  </reporter-output>
  <suite name="Suite" duration-ms="233905" started-at="2017-03-13T10:07:51Z" finished-at="2017-03-13T10:11:45Z">
    <groups>
    </groups>
    <test name="Test" duration-ms="233905" started-at="2017-03-13T10:07:51Z" finished-at="2017-03-13T10:11:45Z">
      <class name="scenario2.TestUserStory2">
        <test-method status="PASS" signature="calculateRetAmt_test1()[pri:0, instance:scenario2.TestUserStory2@302552ec]" name="calculateRetAmt_test1" duration-ms="59484" started-at="2017-03-13T15:38:57Z" finished-at="2017-03-13T15:39:57Z">
          <reporter-output>
          </reporter-output>
        </test-method> <!-- calculateRetAmt_test1 -->
        <test-method status="PASS" signature="calculateRetAmt_test2()[pri:1, instance:scenario2.TestUserStory2@302552ec]" name="calculateRetAmt_test2" duration-ms="55536" started-at="2017-03-13T15:39:57Z" finished-at="2017-03-13T15:40:52Z">
          <reporter-output>
          </reporter-output>
        </test-method> <!-- calculateRetAmt_test2 -->
        <test-method status="PASS" signature="calculateRetAmt_test3()[pri:2, instance:scenario2.TestUserStory2@302552ec]" name="calculateRetAmt_test3" duration-ms="53034" started-at="2017-03-13T15:40:52Z" finished-at="2017-03-13T15:41:45Z">
          <reporter-output>
          </reporter-output>
        </test-method> <!-- calculateRetAmt_test3 -->
      </class> <!-- scenario2.TestUserStory2 -->
      <class name="scenario1.TestUserStory1">
        <test-method status="PASS" signature="informationIcon()[pri:0, instance:scenario1.TestUserStory1@4e08711f]" name="informationIcon" duration-ms="65786" started-at="2017-03-13T15:37:51Z" finished-at="2017-03-13T15:38:57Z">
          <reporter-output>
          </reporter-output>
        </test-method> <!-- informationIcon -->
      </class> <!-- scenario1.TestUserStory1 -->
    </test> <!-- Test -->
  </suite> <!-- Suite -->
</testng-results>
