<?xml version="1.0" encoding="UTF-8"?>
<!-- Generated by org.testng.reporters.JUnitXMLReporter -->
<testsuite hostname="RITZ-PC" name="Test" tests="4" failures="0" timestamp="13 Mar 2017 10:11:46 GMT" time="233.905" errors="0">
  <testcase name="informationIcon" time="65.786" classname="scenario1.TestUserStory1"/>
  <testcase name="calculateRetAmt_test1" time="59.484" classname="scenario2.TestUserStory2"/>
  <testcase name="calculateRetAmt_test2" time="55.536" classname="scenario2.TestUserStory2"/>
  <testcase name="calculateRetAmt_test3" time="53.034" classname="scenario2.TestUserStory2"/>
</testsuite> <!-- Test -->
